[9284:10852:2020-5-9 18:42:49.937] Main Start
[9284:10852:2020-5-9 18:42:49.937] Command line:"C:\Users\BHUBESH\Downloads\Zoom_o42a8sofizku_6380a8f00dfb2fca.exe"  Instance:0x11D0000 Show State:1
[9284:10852:2020-5-9 18:42:50.43] C:\
[9284:12464:2020-5-9 18:42:50.165] [process_requst] start, url:https://us02launcher.zoom.us/conf/pui
[9284:10852:2020-5-9 18:42:50.250] [client_has_installed_app] found path:
[9284:10852:2020-5-9 18:42:50.250]  ***NULL-POINTER-PLACEHOLDER***
[9284:10852:2020-5-9 18:42:50.251] [param_query_local_path] path is: C:\Users\BHUBESH\AppData\Roaming\Zoom\ZoomDownload\ dir create response : 1 system error: 1008
[9284:10852:2020-5-9 18:42:50.251] [downloader_run] State:0
[9284:11144:2020-5-9 18:42:50.251] [process_requst] start, url:https://us02launcher.zoom.us/upgrade?os=win
[9284:11144:2020-5-9 18:42:54.356] [req_state_read_status_code] zHttpQueryInfo complete, status:200
[9284:11144:2020-5-9 18:42:54.356] [req_state_read_status_code] zHttpQueryInfo complete, status:200 Error: 0
[9284:11144:2020-5-9 18:42:54.356] [log_response_content] Content length (1048576 as unknown):606 , Total read: 606 , Error No: 0 , Status code: 200
[9284:11144:2020-5-9 18:42:54.356] [log_response_content] header:
[9284:11144:2020-5-9 18:42:54.356] HTTP/1.1 200 
Date: Sat, 09 May 2020 13:12:53 GMT
Content-Type: text/plain;charset=UTF-8
Content-Length: 606
Connection: keep-alive
Server: ZOOM
x-zm-trackingid: WEB_40794e601231e71230d0299bd4314186
Set-Cookie: zm_gnl_guid=ab1cbSdH4lIcpdA4HpmMNN8M3YcZgT8MRV2USRo0sE3vkT8cm4VYkesYlqQIEMT7UTGX; Domain=.zoom.us; Path=/; Secure; HttpOnly
Set-Cookie: zm_gnl_ruid=Zi-D0pIFSkau3sFJp7dsAw; Domain=.zoom.us; Path=/; Secure; HttpOnly
X-Content-Type-Options: nosniff
Content-Security-Policy: default-src https://*.zoom.us https://zoom.us https://*.zoom.com.cn https://zoom.com.cn https://d17o6on0vd932d.cloudfront.net blob: 'self'; script-src 'unsafe-eval' 'unsafe-inline' blob: about: https://ajax.aspnetcdn.com/ajax/3.5/MicrosoftAjax.js https://appsforoffice.microsoft.com https://assets.zendesk.com https://autocomplete.demandbase.com https://cdn-javascript.net https://cdn-js.net https://cdn.wootric.com https://cdncache-a.akamaihd.net https://connect.facebook.net https://consent.trustarc.com https://d.adroll.mgr.consensu.org https://d2b9h3rz4xo53c.cloudfront.net https://d24cgw3uvb9a9h.cloudfront.net https://googleads.g.doubleclick.net https://pi.pardot.com https://ruanshi2.8686c.com https://s.dcbap.com https://s.ytimg.com https://s3.amazonaws.com https://scout-cdn.salesloft.com https://sealserver.trustwave.com https://secure-cdn.mplxtms.com https://serve2.cheqzone.com https://snap.licdn.com https://sp.analytics.yahoo.com https://static.zdassets.com https://static2.sharepointonline.com https://tag.demandbase.com https://tpc.googlesyndication.com https://tracking.g2crowd.com https://trk.techtarget.com https://www.comeet.co https://www.dropbox.com https://www.google-analytics.com https://www.googleadservices.com https://www.googletagmanager.com https://www.gstatic.com https://www.youtube.com https://d17o6on0vd932d.cloudfront.net https://*.ada.support https://*.adroll.com https://*.google.com https://*.hotjar.com https://*.linkedin.com https://*.zoom.us https://*.zoomcloudpbx.com https://*.zoomus.cn https://*.zopim.com https://adroll.com https://google.com https://linkedin.com https://zoom.us https://zoom.com.cn https://*.zoom.com.cn 'self'; img-src https: http: about: blob: data: 'self'; style-src https: safari-extension: chrome-extension: 'unsafe-inline' data: 'self'; font-src https: safari-extension: chrome-extension: blob: data: 'self'; connect-src * about: blob: data: 'self'; media-src * rtmp: blob: data: 'self'; frame-src https: ms-appx-web: zoommtg: zoomus: wvjbscheme: data: 'self'
Set-Cookie: zm_aid=""; Domain=.zoom.us; Expires=Thu, 01-Jan-1970 00:00:10 GMT; Path=/; Secure; HttpOnly
Set-Cookie: zm_haid=""; Domain=.zoom.us; Expires=Thu, 01-Jan-1970 00:00:10 GMT; Path=/; Secure; HttpOnly
Set-Cookie: cred=7BC755CBA9C10106AADE765BB83DB237; Path=/; Secure; HttpOnly
Set-Cookie: _zm_page_auth=us02_c_tMmUBbo0R7SFfNRkaHosSg; Domain=.zoom.us; Path=/; Secure; HttpOnly
p3p: CP="NOI ADM DEV PSAi COM NAV OUR OTR STP IND DEM"
Set-Cookie: _zm_ssid=us02_c_HHCddZ94SduMVw2xRfaokg; Domain=.zoom.us; Path=/; Secure; HttpOnly
Set-Cookie: _zm_ctaid=ymQ1SJ3rSL2aHbc0ukLqmQ.1589029973458.277f991486d61427efa28e201b322095; Domain=.zoom.us; Expires=Sat, 09-May-2020 15:12:53 GMT; Path=/; Secure; HttpOnly
Set-Cookie: _zm_chtaid=72; Domain=.zoom.us; Expires=Sat, 09-May-2020 15:12:53 GMT; Path=/; Secure; HttpOnly
Strict-Transport-Security: max-age=31536000
X-XSS-Protection: 1; mode=block
Referrer-Policy: strict-origin-when-cross-origin


[9284:11144:2020-5-9 18:42:54.356] [process_requst] End for url:https://us02launcher.zoom.us/upgrade?os=win, return code:200, Error:0, Response content size:606
[9284:12464:2020-5-9 18:42:54.392] [req_state_read_status_code] zHttpQueryInfo complete, status:404
[9284:12464:2020-5-9 18:42:54.392] [req_state_read_status_code] zHttpQueryInfo complete, status:404 Error: 0
[9284:12464:2020-5-9 18:42:54.392] [process_requst] End for url:https://us02launcher.zoom.us/conf/pui, return code:404, Error:1010, Response content size:0
[9284:10852:2020-5-9 18:42:54.407] [handle_download_job_done] Index: 0 Curr index: 0 StatusCode: 200 Error: 0 Response: 
[9284:10852:2020-5-9 18:42:54.407] Check-sum=3df07f5b0377549e8d6665652bfa9366;VCRed-sum=5689d43c3b201dd3810fa3bba4a6476a;fullmsi-sum=22e7b461a20c1f35f96b3e3a687f5845;fullcab-sum=14e171003069313fab3ff2cd0974e731;fullsip-sum=8e6eadab572d61e85ca7462134f8251f;Installer-sum=f60c86ba6f5cb1b4b337dc019ed871e0;Update-Option=1;Current-version=5.0.23502.0430;Download-root=https://us02launcher.zoom.us/client;Package-url=https://us02launcher.zoom.us/client/5.0.23502.0430/Zoom.msi?t=atupg;Package-name=Zoom.msi;Installer-name=Installer.exe;ahcab-name=Airhost.CAB;sipcab-name=Sipcall.CAB;codesnippet-name=codesnippet_win.zip;fullcab-name=ZoomFull.CAB;
[9284:11144:2020-5-9 18:42:54.471] [process_requst] start, url:https://us02launcher.zoom.us/client/5.0.23502.0430/Installer.exe?t=atupg
[9284:10852:2020-5-9 18:42:54.471] [client_has_installed_app] found path:
[9284:10852:2020-5-9 18:42:54.472]  ***NULL-POINTER-PLACEHOLDER***
[9284:11144:2020-5-9 18:42:58.356] [req_state_read_status_code] zHttpQueryInfo complete, status:200
[9284:11144:2020-5-9 18:42:58.356] [req_state_read_status_code] zHttpQueryInfo complete, status:200 Error: 0
[9284:11144:2020-5-9 18:43:0.63] [read_response_file] Status Code:200, content length: 626008, total read: 626008, error code: 0
[9284:11144:2020-5-9 18:43:0.444] [process_requst] End for url:https://us02launcher.zoom.us/client/5.0.23502.0430/Installer.exe?t=atupg, return code:200, Error:0, Response content size:0
[9284:10852:2020-5-9 18:43:0.469] [handle_download_job_done] Index: 1 Curr index: 1 StatusCode: 200 Error: 0 Response is Empty. 
[9284:11144:2020-5-9 18:43:0.706] [process_requst] start, url:https://us02launcher.zoom.us/client/5.0.23502.0430/Zoom.msi?t=atupg
[9284:11144:2020-5-9 18:43:2.793] [req_state_read_status_code] zHttpQueryInfo complete, status:200
[9284:11144:2020-5-9 18:43:2.793] [req_state_read_status_code] zHttpQueryInfo complete, status:200 Error: 0
[9284:11144:2020-5-9 18:43:47.833] [read_response_file] Status Code:200, content length: 11507647, total read: 11507647, error code: 0
[9284:11144:2020-5-9 18:43:47.991] [process_requst] End for url:https://us02launcher.zoom.us/client/5.0.23502.0430/Zoom.msi?t=atupg, return code:200, Error:0, Response content size:0
[9284:10852:2020-5-9 18:43:48.31] [handle_download_job_done] Index: 2 Curr index: 2 StatusCode: 200 Error: 0 Response is Empty. 
[9284:10852:2020-5-9 18:43:48.61] C:\Users\BHUBESH\AppData\Roaming\Zoom\ZoomDownload\Installer.exe
[9284:10852:2020-5-9 18:43:48.61] ZInstaller --conf.mode=silent --ipc_wnd=1444612
[9284:10852:2020-5-9 18:43:49.575] [launch_silent_install] Installer process created, result:42
